[debug] [2023-07-05T16:04:18.527Z] ----------------------------------------------------------------------
[debug] [2023-07-05T16:04:18.529Z] Command:       C:\Program Files\nodejs\node.exe C:\Users\MARCO\AppData\Roaming\npm\node_modules\firebase-tools\lib\bin\firebase.js init
[debug] [2023-07-05T16:04:18.529Z] CLI Version:   12.4.2
[debug] [2023-07-05T16:04:18.530Z] Platform:      win32
[debug] [2023-07-05T16:04:18.530Z] Node Version:  v18.15.0
[debug] [2023-07-05T16:04:18.530Z] Time:          Wed Jul 05 2023 13:04:18 GMT-0300 (hora estándar de Argentina)
[debug] [2023-07-05T16:04:18.530Z] ----------------------------------------------------------------------
[debug] 
[debug] [2023-07-05T16:04:18.537Z] > command requires scopes: ["email","openid","https://www.googleapis.com/auth/cloudplatformprojects.readonly","https://www.googleapis.com/auth/firebase","https://www.googleapis.com/auth/cloud-platform"]
[debug] [2023-07-05T16:04:18.538Z] > authorizing via signed-in user (marcos.elgrecomayorista@gmail.com)
[info] 
     ######## #### ########  ######## ########     ###     ######  ########
     ##        ##  ##     ## ##       ##     ##  ##   ##  ##       ##
     ######    ##  ########  ######   ########  #########  ######  ######
     ##        ##  ##    ##  ##       ##     ## ##     ##       ## ##
     ##       #### ##     ## ######## ########  ##     ##  ######  ########

You're about to initialize a Firebase project in this directory:

  D:\hackaCode-frontend

[info] 
=== Project Setup
[info] 
[info] First, let's associate this project directory with a Firebase project.
[info] You can create multiple project aliases by running firebase use --add, 
[info] but for now we'll just set up a default project.
[info] 
[debug] [2023-07-05T16:04:53.270Z] >>> [apiv2][query] GET https://firebase.googleapis.com/v1beta1/projects pageSize=100
[debug] [2023-07-05T16:04:55.201Z] <<< [apiv2][status] GET https://firebase.googleapis.com/v1beta1/projects 200
[debug] [2023-07-05T16:04:55.201Z] <<< [apiv2][body] GET https://firebase.googleapis.com/v1beta1/projects [omitted]
[info] i  Using project marveland1-938a3 (marveland1) 
[info] 
=== Hosting Setup
[info] 
[info] Your public directory is the folder (relative to your project directory) that
[info] will contain Hosting assets to be uploaded with firebase deploy. If you
[info] have a build process for your assets, use your build's output directory.
[info] 
[debug] [2023-07-05T16:05:08.078Z] >>> [apiv2][query] GET https://www.gstatic.com/firebasejs/releases.json [none]
[debug] [2023-07-05T16:05:08.301Z] <<< [apiv2][status] GET https://www.gstatic.com/firebasejs/releases.json 200
[debug] [2023-07-05T16:05:08.301Z] <<< [apiv2][body] GET https://www.gstatic.com/firebasejs/releases.json {"current":{"version":"9.23.0","browserURL":"https://www.gstatic.com/firebasejs/9.23.0/firebase.js","packageURL":"https://www.gstatic.com/firebasejs/9.23.0/firebase.tgz"},"live":{"version":"9.23","browserURL":"https://www.gstatic.com/firebasejs/live/9.23/firebase.js","packageURL":"https://www.gstatic.com/firebasejs/live/9.23/firebase.tgz"},"components":{"analytics":"https://www.gstatic.com/firebasejs/9.23.0/firebase-analytics.js","app":"https://www.gstatic.com/firebasejs/9.23.0/firebase-app.js","app-check":"https://www.gstatic.com/firebasejs/9.23.0/firebase-app-check.js","auth":"https://www.gstatic.com/firebasejs/9.23.0/firebase-auth.js","auth/cordova":"https://www.gstatic.com/firebasejs/9.23.0/firebase-auth/cordova.js","auth/react-native":"https://www.gstatic.com/firebasejs/9.23.0/firebase-auth/react-native.js","functions":"https://www.gstatic.com/firebasejs/9.23.0/firebase-functions.js","firestore":"https://www.gstatic.com/firebasejs/9.23.0/firebase-firestore.js","firestore/lite":"https://www.gstatic.com/firebasejs/9.23.0/firebase-firestore/lite.js","installations":"https://www.gstatic.com/firebasejs/9.23.0/firebase-installations.js","storage":"https://www.gstatic.com/firebasejs/9.23.0/firebase-storage.js","performance":"https://www.gstatic.com/firebasejs/9.23.0/firebase-performance.js","remote-config":"https://www.gstatic.com/firebasejs/9.23.0/firebase-remote-config.js","messaging":"https://www.gstatic.com/firebasejs/9.23.0/firebase-messaging.js","messaging/sw":"https://www.gstatic.com/firebasejs/9.23.0/firebase-messaging/sw.js","database":"https://www.gstatic.com/firebasejs/9.23.0/firebase-database.js","firestore.memory":"https://www.gstatic.com/firebasejs/9.23.0/firebase-firestore.memory.js"}}
[info] +  Wrote public/index.html 
[info] 
[info] i  Detected a .git folder at D:\hackaCode-frontend 
[info] i  Authorizing with GitHub to upload your service account to a GitHub repository's secrets store. 
[info] 
[info] Visit this URL on this device to log in:
[info] https://github.com/login/oauth/authorize?client_id=89cf50f02ac6aaed3484&state=682703762&redirect_uri=http%3A%2F%2Flocalhost%3A9005&scope=read%3Auser%20repo%20public_repo
[info] 
[info] Waiting for authentication...
[debug] [2023-07-05T16:05:09.500Z] >>> [apiv2][query] POST https://github.com/login/oauth/access_token [none]
[debug] [2023-07-05T16:05:09.500Z] >>> [apiv2][body] POST https://github.com/login/oauth/access_token [stream]
[debug] [2023-07-05T16:05:10.012Z] <<< [apiv2][status] POST https://github.com/login/oauth/access_token 200
[debug] [2023-07-05T16:05:10.012Z] <<< [apiv2][body] POST https://github.com/login/oauth/access_token {"access_token":"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","token_type":"bearer","scope":"read:user,repo"}
[debug] [2023-07-05T16:05:10.017Z] >>> [apiv2][query] GET https://api.github.com/user [none]
[debug] [2023-07-05T16:05:10.652Z] <<< [apiv2][status] GET https://api.github.com/user 200
[debug] [2023-07-05T16:05:10.652Z] <<< [apiv2][body] GET https://api.github.com/user {"login":"marcosep192000","id":69874820,"node_id":"MDQ6VXNlcjY5ODc0ODIw","avatar_url":"https://avatars.githubusercontent.com/u/69874820?v=4","gravatar_id":"","url":"https://api.github.com/users/marcosep192000","html_url":"https://github.com/marcosep192000","followers_url":"https://api.github.com/users/marcosep192000/followers","following_url":"https://api.github.com/users/marcosep192000/following{/other_user}","gists_url":"https://api.github.com/users/marcosep192000/gists{/gist_id}","starred_url":"https://api.github.com/users/marcosep192000/starred{/owner}{/repo}","subscriptions_url":"https://api.github.com/users/marcosep192000/subscriptions","organizations_url":"https://api.github.com/users/marcosep192000/orgs","repos_url":"https://api.github.com/users/marcosep192000/repos","events_url":"https://api.github.com/users/marcosep192000/events{/privacy}","received_events_url":"https://api.github.com/users/marcosep192000/received_events","type":"User","site_admin":false,"name":"Marcos Paz Goncheff","company":null,"blog":"","location":"Argentina -> Chaco -> Las Breñas ","email":null,"hireable":true,"bio":"Mi nombre es Marcos Elías soy analista programador actualmente cuento con un año y medio de experiencia en el desarrollo backend con Java comencé aprendiendo de","twitter_username":null,"public_repos":13,"public_gists":0,"followers":2,"following":3,"created_at":"2020-08-18T21:29:08Z","updated_at":"2023-07-05T14:39:07Z","private_gists":0,"total_private_repos":2,"owned_private_repos":2,"disk_usage":33417,"collaborators":0,"two_factor_authentication":false,"plan":{"name":"free","space":976562499,"collaborators":0,"private_repos":10000}}
[info] 
[info] +  Success! Logged into GitHub as marcosep192000 
[info] 
